<?xml version="1.0" encoding="UTF-8"?>
<!-- Generated by org.testng.reporters.JUnitReportReporter -->
<testsuite hostname="DESKTOP-8HJNU81" failures="0" tests="2" name="tests.LogoutTests" time="24.949" errors="0" timestamp="2021-06-14T14:49:49 CEST" skipped="0">
  <testcase classname="tests.LogoutTests" name="logoutFunction" time="11.936"/>
  <system-out/>
  <testcase classname="tests.LogoutTests" name="logoutFunctionBottomButton" time="13.013"/>
  <system-out/>
</testsuite> <!-- tests.LogoutTests -->
