<?xml version="1.0" encoding="UTF-8"?>
<!-- Generated by org.testng.reporters.JUnitReportReporter -->
<testsuite hostname="DESKTOP-8HJNU81" failures="0" tests="3" name="tests.MyAddressTests" time="100.438" errors="0" timestamp="2021-06-14T14:52:21 CEST" skipped="0">
  <testcase classname="tests.MyAddressTests" name="updateAddress" time="42.454"/>
  <system-out/>
  <testcase classname="tests.MyAddressTests" name="addAddress" time="25.311"/>
  <system-out/>
  <testcase classname="tests.MyAddressTests" name="deleteAddress" time="32.673"/>
  <system-out/>
</testsuite> <!-- tests.MyAddressTests -->
