<?xml version="1.0" encoding="UTF-8"?>
<!-- Generated by org.testng.reporters.JUnitReportReporter -->
<testsuite hostname="DESKTOP-8HJNU81" failures="0" tests="2" name="tests.MyPersonalInfoTests" time="59.046" errors="0" timestamp="2021-06-14T15:08:38 CEST" skipped="0">
  <testcase classname="tests.MyPersonalInfoTests" name="editPersonalInfo" time="25.700"/>
  <system-out/>
  <testcase classname="tests.MyPersonalInfoTests" name="updateWithMandatoryFieldsEmpty" time="33.346"/>
  <system-out/>
</testsuite> <!-- tests.MyPersonalInfoTests -->
