<?xml version="1.0" encoding="UTF-8"?>
<!-- Generated by org.testng.reporters.JUnitReportReporter -->
<testsuite hostname="DESKTOP-8HJNU81" failures="0" tests="3" name="tests.MyWishlistsTests" time="51.060" errors="0" timestamp="2021-06-14T18:26:39 CEST" skipped="0">
  <testcase classname="tests.MyWishlistsTests" name="createNewWishlist" time="14.957"/>
  <system-out/>
  <testcase classname="tests.MyWishlistsTests" name="addProductToWishlist" time="25.803"/>
  <system-out/>
  <testcase classname="tests.MyWishlistsTests" name="deleteWishlist" time="10.300"/>
  <system-out/>
</testsuite> <!-- tests.MyWishlistsTests -->
