<?xml version="1.0" encoding="UTF-8"?>
<!-- Generated by org.testng.reporters.JUnitReportReporter -->
<testsuite hostname="DESKTOP-8HJNU81" failures="0" tests="1" name="tests.Proba" time="8.416" errors="0" timestamp="2021-06-08T21:22:34 CEST" skipped="0">
  <testcase classname="tests.Proba" name="test" time="8.416"/>
  <system-out/>
</testsuite> <!-- tests.Proba -->
