<?xml version="1.0" encoding="UTF-8"?>
<!-- Generated by org.testng.reporters.JUnitReportReporter -->
<testsuite hostname="DESKTOP-8HJNU81" failures="0" tests="7" name="tests.LoginTests" time="67.786" errors="0" timestamp="2021-06-14T14:43:23 CEST" skipped="0">
  <testcase classname="tests.LoginTests" name="loginValidCredentials" time="12.614"/>
  <system-out/>
  <testcase classname="tests.LoginTests" name="loginInvalidCredentials" time="10.974"/>
  <system-out/>
  <testcase classname="tests.LoginTests" name="loginValidEmailInvalidPassword" time="6.264"/>
  <system-out/>
  <testcase classname="tests.LoginTests" name="loginInvalidEmailValidPassword" time="10.963"/>
  <system-out/>
  <testcase classname="tests.LoginTests" name="loginEmptyEmailValidPassword" time="7.011"/>
  <system-out/>
  <testcase classname="tests.LoginTests" name="loginValidEmailEmptyPassword" time="7.499"/>
  <system-out/>
  <testcase classname="tests.LoginTests" name="loginEmptyCredentials" time="12.461"/>
  <system-out/>
</testsuite> <!-- tests.LoginTests -->
